<?xml version="1.0" encoding="UTF-8"?>
<!-- Generated by org.testng.reporters.JUnitReportReporter -->
<testsuite ignored="10" hostname="Abbas22-desktop" failures="0" tests="1" name="testng.Prepend1toFaxNumber" time="35.598" errors="0" timestamp="12 Dec 2022 18:01:15 GMT" skipped="0">
  <testcase classname="testng.Prepend1toFaxNumber" name="add_1_to_the_beginning_Of_number" time="35.598"/>
  <testcase classname="testng.TestEnd2End_Out_Inb" name="faxStatusAndPageNumberValidationFromInbound2">
    <skipped/>
  </testcase> <!-- faxStatusAndPageNumberValidationFromInbound2 -->
  <testcase classname="testng.SoapInboundFaxPagesCoverPage" name="soapFaxStatusAndPageNumberValidationFromInbound">
    <skipped/>
  </testcase> <!-- soapFaxStatusAndPageNumberValidationFromInbound -->
  <testcase classname="testng.SendMailToFaxTests" name="sendMailToFax">
    <skipped/>
  </testcase> <!-- sendMailToFax -->
  <testcase classname="testng.PostScenariosForSmokeTest" name="sendFaxDataWithoutNumber">
    <skipped/>
  </testcase> <!-- sendFaxDataWithoutNumber -->
  <testcase classname="testng.PostScenariosForSmokeTest" name="sendFaxWithValidNumberAndAttachment">
    <skipped/>
  </testcase> <!-- sendFaxWithValidNumberAndAttachment -->
  <testcase classname="testng.PostScenariosForSmokeTest" name="sendFaxDataWithRecipientDetails">
    <skipped/>
  </testcase> <!-- sendFaxDataWithRecipientDetails -->
  <testcase classname="testng.GetScenariosForSmokeTest" name="retrieveFaxAndFaxDataById">
    <skipped/>
  </testcase> <!-- retrieveFaxAndFaxDataById -->
  <testcase classname="testng.GetScenariosForSmokeTest" name="retrieveAllFaxData">
    <skipped/>
  </testcase> <!-- retrieveAllFaxData -->
  <testcase classname="testng.GetScenariosForSmokeTest" name="retrieveRecentlyCreatedFax">
    <skipped/>
  </testcase> <!-- retrieveRecentlyCreatedFax -->
  <testcase classname="testng.ResendFax" name="resendFailedFaxDataWithNumber">
    <skipped/>
  </testcase> <!-- resendFailedFaxDataWithNumber -->
</testsuite> <!-- testng.Prepend1toFaxNumber -->
