<?xml version="1.0" encoding="UTF-8"?>
<!-- Generated by org.testng.reporters.JUnitReportReporter -->
<testsuite ignored="0" hostname="Abbas22-desktop" failures="1" tests="1" name="testng.TestEnd2End_Out_Inb" time="60.516" errors="0" timestamp="01 Dec 2022 11:08:19 GMT" skipped="0">
  <testcase classname="testng.TestEnd2End_Out_Inb" name="faxStatusAndPageNumberValidationFromInbound2" time="60.516">
    <failure message=":Test1d6e4a67:**** doesn&#039;t have neither recvOk status nor 3 attempts**" type="java.lang.AssertionError">
      <![CDATA[java.lang.AssertionError: :Test1d6e4a67:**** doesn't have neither recvOk status nor 3 attempts**
	at org.junit.Assert.fail(Assert.java:88)
	at testng.TestEnd2End_Out_Inb.faxStatusAndPageNumberValidationFromInbound2(TestEnd2End_Out_Inb.java:90)
	at java.base/jdk.internal.reflect.NativeMethodAccessorImpl.invoke0(Native Method)
	at java.base/jdk.internal.reflect.NativeMethodAccessorImpl.invoke(NativeMethodAccessorImpl.java:77)
	at java.base/jdk.internal.reflect.DelegatingMethodAccessorImpl.invoke(DelegatingMethodAccessorImpl.java:43)
	at java.base/java.lang.reflect.Method.invoke(Method.java:568)
	at org.testng.internal.MethodInvocationHelper.invokeMethod(MethodInvocationHelper.java:104)
	at org.testng.internal.Invoker.invokeMethod(Invoker.java:645)
	at org.testng.internal.Invoker.invokeTestMethod(Invoker.java:851)
	at org.testng.internal.Invoker.invokeTestMethods(Invoker.java:1177)
	at org.testng.internal.TestMethodWorker.invokeTestMethods(TestMethodWorker.java:129)
	at org.testng.internal.TestMethodWorker.run(TestMethodWorker.java:112)
	at org.testng.TestRunner.privateRun(TestRunner.java:756)
	at org.testng.TestRunner.run(TestRunner.java:610)
	at org.testng.SuiteRunner.runTest(SuiteRunner.java:387)
	at org.testng.SuiteRunner.access$000(SuiteRunner.java:39)
	at org.testng.SuiteRunner$SuiteWorker.run(SuiteRunner.java:421)
	at org.testng.internal.thread.ThreadUtil$2.call(ThreadUtil.java:64)
	at java.base/java.util.concurrent.FutureTask.run(FutureTask.java:264)
	at java.base/java.util.concurrent.ThreadPoolExecutor.runWorker(ThreadPoolExecutor.java:1136)
	at java.base/java.util.concurrent.ThreadPoolExecutor$Worker.run(ThreadPoolExecutor.java:635)
	at java.base/java.lang.Thread.run(Thread.java:833)
]]>
    </failure>
  </testcase> <!-- faxStatusAndPageNumberValidationFromInbound2 -->
</testsuite> <!-- testng.TestEnd2End_Out_Inb -->
