<?xml version="1.0" encoding="UTF-8"?>
<!-- Generated by org.testng.reporters.JUnitReportReporter -->
<testsuite ignored="10" hostname="Abbas22-desktop" failures="1" tests="1" name="testng.SendMailToFaxTests" time="12.998" errors="0" timestamp="01 Dec 2022 17:21:43 GMT" skipped="0">
  <testcase classname="testng.SendMailToFaxTests" name="sendMailToFax" time="12.998">
    <failure message="No record present in the Database for the fax email sent" type="java.lang.AssertionError">
      <![CDATA[java.lang.AssertionError: No record present in the Database for the fax email sent
	at org.junit.Assert.fail(Assert.java:88)
	at testng.SendMailToFaxTests.sendMailToFax(SendMailToFaxTests.java:73)
	at java.base/jdk.internal.reflect.NativeMethodAccessorImpl.invoke0(Native Method)
	at java.base/jdk.internal.reflect.NativeMethodAccessorImpl.invoke(NativeMethodAccessorImpl.java:77)
	at java.base/jdk.internal.reflect.DelegatingMethodAccessorImpl.invoke(DelegatingMethodAccessorImpl.java:43)
	at java.base/java.lang.reflect.Method.invoke(Method.java:568)
	at org.testng.internal.MethodInvocationHelper.invokeMethod(MethodInvocationHelper.java:104)
	at org.testng.internal.Invoker.invokeMethod(Invoker.java:645)
	at org.testng.internal.Invoker.invokeTestMethod(Invoker.java:851)
	at org.testng.internal.Invoker.invokeTestMethods(Invoker.java:1177)
	at org.testng.internal.TestMethodWorker.invokeTestMethods(TestMethodWorker.java:129)
	at org.testng.internal.TestMethodWorker.run(TestMethodWorker.java:112)
	at org.testng.TestRunner.privateRun(TestRunner.java:756)
	at org.testng.TestRunner.run(TestRunner.java:610)
	at org.testng.SuiteRunner.runTest(SuiteRunner.java:387)
	at org.testng.SuiteRunner.access$000(SuiteRunner.java:39)
	at org.testng.SuiteRunner$SuiteWorker.run(SuiteRunner.java:421)
	at org.testng.internal.thread.ThreadUtil$2.call(ThreadUtil.java:64)
	at java.base/java.util.concurrent.FutureTask.run$$$capture(FutureTask.java:264)
	at java.base/java.util.concurrent.FutureTask.run(FutureTask.java)
	at java.base/java.util.concurrent.ThreadPoolExecutor.runWorker(ThreadPoolExecutor.java:1136)
	at java.base/java.util.concurrent.ThreadPoolExecutor$Worker.run(ThreadPoolExecutor.java:635)
	at java.base/java.lang.Thread.run(Thread.java:833)
]]>
    </failure>
  </testcase> <!-- sendMailToFax -->
  <testcase classname="testng.GetScenariosForSmokeTest" name="retrieveFaxAndFaxDataById">
    <skipped/>
  </testcase> <!-- retrieveFaxAndFaxDataById -->
  <testcase classname="testng.GetScenariosForSmokeTest" name="retrieveAllFaxData">
    <skipped/>
  </testcase> <!-- retrieveAllFaxData -->
  <testcase classname="testng.GetScenariosForSmokeTest" name="retrieveRecentlyCreatedFax">
    <skipped/>
  </testcase> <!-- retrieveRecentlyCreatedFax -->
  <testcase classname="testng.PostScenariosForSmokeTest" name="sendFaxDataWithoutNumber">
    <skipped/>
  </testcase> <!-- sendFaxDataWithoutNumber -->
  <testcase classname="testng.PostScenariosForSmokeTest" name="sendFaxWithValidNumberAndAttachment">
    <skipped/>
  </testcase> <!-- sendFaxWithValidNumberAndAttachment -->
  <testcase classname="testng.PostScenariosForSmokeTest" name="sendFaxDataWithRecipientDetails">
    <skipped/>
  </testcase> <!-- sendFaxDataWithRecipientDetails -->
  <testcase classname="testng.TestEnd2End_Out_Inb" name="faxStatusAndPageNumberValidationFromInbound2">
    <skipped/>
  </testcase> <!-- faxStatusAndPageNumberValidationFromInbound2 -->
  <testcase classname="testng.SoapInboundFaxPagesCoverPage" name="soapFaxStatusAndPageNumberValidationFromInbound">
    <skipped/>
  </testcase> <!-- soapFaxStatusAndPageNumberValidationFromInbound -->
  <testcase classname="testng.ResendFax" name="resendFailedFaxDataWithNumber">
    <skipped/>
  </testcase> <!-- resendFailedFaxDataWithNumber -->
  <testcase classname="testng.Prepend1toFaxNumber" name="add_1_to_the_beginning_Of_number">
    <skipped/>
  </testcase> <!-- add_1_to_the_beginning_Of_number -->
</testsuite> <!-- testng.SendMailToFaxTests -->
