<?xml version="1.0" encoding="UTF-8"?>
<!-- Generated by org.testng.reporters.JUnitReportReporter -->
<testsuite ignored="0" hostname="Abbas22-desktop" failures="0" tests="3" name="testng.GetScenariosForSmokeTest" time="181.107" errors="0" timestamp="01 Dec 2022 11:08:19 GMT" skipped="0">
  <testcase classname="testng.GetScenariosForSmokeTest" name="retrieveAllFaxData" time="60.207"/>
  <testcase classname="testng.GetScenariosForSmokeTest" name="retrieveFaxAndFaxDataById" time="60.756"/>
  <testcase classname="testng.GetScenariosForSmokeTest" name="retrieveRecentlyCreatedFax" time="60.144"/>
</testsuite> <!-- testng.GetScenariosForSmokeTest -->
