<?xml version="1.0" encoding="UTF-8"?>
<!-- Generated by org.testng.reporters.JUnitReportReporter -->
<testsuite ignored="0" hostname="Abbas22-desktop" failures="0" tests="3" name="testng.PostScenariosForSmokeTest" time="4.629" errors="0" timestamp="01 Dec 2022 11:08:19 GMT" skipped="0">
  <testcase classname="testng.PostScenariosForSmokeTest" name="sendFaxDataWithRecipientDetails" time="4.300"/>
  <testcase classname="testng.PostScenariosForSmokeTest" name="sendFaxWithValidNumberAndAttachment" time="0.199"/>
  <testcase classname="testng.PostScenariosForSmokeTest" name="sendFaxDataWithoutNumber" time="0.130"/>
</testsuite> <!-- testng.PostScenariosForSmokeTest -->
