<?xml version="1.0" encoding="UTF-8"?>
<!-- Generated by org.testng.reporters.JUnitReportReporter -->
<testsuite ignored="10" hostname="Abbas22-desktop" failures="0" tests="1" name="testng.SoapInboundFaxPagesCoverPage" time="65.413" errors="0" timestamp="15 Dec 2022 15:50:02 GMT" skipped="0">
  <testcase classname="testng.SoapInboundFaxPagesCoverPage" name="soapFaxStatusAndPageNumberValidationFromInbound" time="65.413"/>
  <testcase classname="testng.PostScenariosForSmokeTest" name="sendFaxDataWithoutNumber">
    <skipped/>
  </testcase> <!-- sendFaxDataWithoutNumber -->
  <testcase classname="testng.PostScenariosForSmokeTest" name="sendFaxWithValidNumberAndAttachment">
    <skipped/>
  </testcase> <!-- sendFaxWithValidNumberAndAttachment -->
  <testcase classname="testng.PostScenariosForSmokeTest" name="sendFaxDataWithRecipientDetails">
    <skipped/>
  </testcase> <!-- sendFaxDataWithRecipientDetails -->
  <testcase classname="testng.TestEnd2End_Out_Inb" name="faxStatusAndPageNumberValidationFromInbound2">
    <skipped/>
  </testcase> <!-- faxStatusAndPageNumberValidationFromInbound2 -->
  <testcase classname="testng.ResendFax" name="resendFailedFaxDataWithNumber">
    <skipped/>
  </testcase> <!-- resendFailedFaxDataWithNumber -->
  <testcase classname="testng.GetScenariosForSmokeTest" name="retrieveFaxAndFaxDataById">
    <skipped/>
  </testcase> <!-- retrieveFaxAndFaxDataById -->
  <testcase classname="testng.GetScenariosForSmokeTest" name="retrieveAllFaxData">
    <skipped/>
  </testcase> <!-- retrieveAllFaxData -->
  <testcase classname="testng.GetScenariosForSmokeTest" name="retrieveRecentlyCreatedFax">
    <skipped/>
  </testcase> <!-- retrieveRecentlyCreatedFax -->
  <testcase classname="testng.Prepend1toFaxNumber" name="add_1_to_the_beginning_Of_number">
    <skipped/>
  </testcase> <!-- add_1_to_the_beginning_Of_number -->
  <testcase classname="testng.SendMailToFaxTests" name="sendMailToFax">
    <skipped/>
  </testcase> <!-- sendMailToFax -->
</testsuite> <!-- testng.SoapInboundFaxPagesCoverPage -->
