<?xml version="1.0" encoding="UTF-8"?>
<!-- Generated by org.testng.reporters.JUnitReportReporter -->
<testsuite ignored="5" hostname="Abbas22-desktop" failures="0" tests="3" name="testng.GetScenariosForSmokeTest" time="181.276" errors="0" timestamp="12 Dec 2022 17:52:18 GMT" skipped="0">
  <testcase classname="testng.GetScenariosForSmokeTest" name="retrieveFaxAndFaxDataById" time="60.795"/>
  <testcase classname="testng.GetScenariosForSmokeTest" name="retrieveAllFaxData" time="60.272"/>
  <testcase classname="testng.GetScenariosForSmokeTest" name="retrieveRecentlyCreatedFax" time="60.209"/>
  <testcase classname="testng.SoapInboundFaxPagesCoverPage" name="soapFaxStatusAndPageNumberValidationFromInbound">
    <skipped/>
  </testcase> <!-- soapFaxStatusAndPageNumberValidationFromInbound -->
  <testcase classname="testng.Prepend1toFaxNumber" name="add_1_to_the_beginning_Of_number">
    <skipped/>
  </testcase> <!-- add_1_to_the_beginning_Of_number -->
  <testcase classname="testng.ResendFax" name="resendFailedFaxDataWithNumber">
    <skipped/>
  </testcase> <!-- resendFailedFaxDataWithNumber -->
  <testcase classname="testng.TestEnd2End_Out_Inb" name="faxStatusAndPageNumberValidationFromInbound2">
    <skipped/>
  </testcase> <!-- faxStatusAndPageNumberValidationFromInbound2 -->
  <testcase classname="testng.SendMailToFaxTests" name="sendMailToFax">
    <skipped/>
  </testcase> <!-- sendMailToFax -->
</testsuite> <!-- testng.GetScenariosForSmokeTest -->
