<?xml version="1.0" encoding="UTF-8"?>
<!-- Generated by org.testng.reporters.JUnitReportReporter -->
<testsuite ignored="5" hostname="Abbas22-desktop" failures="0" tests="3" name="testng.PostScenariosForSmokeTest" time="4.067" errors="0" timestamp="12 Dec 2022 17:52:18 GMT" skipped="0">
  <testcase classname="testng.PostScenariosForSmokeTest" name="sendFaxDataWithRecipientDetails" time="3.620"/>
  <testcase classname="testng.PostScenariosForSmokeTest" name="sendFaxWithValidNumberAndAttachment" time="0.333"/>
  <testcase classname="testng.PostScenariosForSmokeTest" name="sendFaxDataWithoutNumber" time="0.114"/>
  <testcase classname="testng.SoapInboundFaxPagesCoverPage" name="soapFaxStatusAndPageNumberValidationFromInbound">
    <skipped/>
  </testcase> <!-- soapFaxStatusAndPageNumberValidationFromInbound -->
  <testcase classname="testng.Prepend1toFaxNumber" name="add_1_to_the_beginning_Of_number">
    <skipped/>
  </testcase> <!-- add_1_to_the_beginning_Of_number -->
  <testcase classname="testng.ResendFax" name="resendFailedFaxDataWithNumber">
    <skipped/>
  </testcase> <!-- resendFailedFaxDataWithNumber -->
  <testcase classname="testng.TestEnd2End_Out_Inb" name="faxStatusAndPageNumberValidationFromInbound2">
    <skipped/>
  </testcase> <!-- faxStatusAndPageNumberValidationFromInbound2 -->
  <testcase classname="testng.SendMailToFaxTests" name="sendMailToFax">
    <skipped/>
  </testcase> <!-- sendMailToFax -->
</testsuite> <!-- testng.PostScenariosForSmokeTest -->
