<?xml version="1.0" encoding="UTF-8"?>
<testng-results ignored="10" total="11" passed="0" failed="1" skipped="0">
  <reporter-output>
  </reporter-output>
  <suite started-at="2022-12-01T17:21:29Z" name="TestNgTests" finished-at="2022-12-01T17:21:42Z" duration-ms="13203">
    <groups>
      <group name="smoke4">
        <method signature="SendMailToFaxTests.sendMailToFax()[pri:0, instance:testng.SendMailToFaxTests@49c43f4e]" name="sendMailToFax" class="testng.SendMailToFaxTests"/>
      </group> <!-- smoke4 -->
    </groups>
    <test started-at="2022-12-01T17:21:29Z" name="PostScenariosForSmokeTest" finished-at="2022-12-01T17:21:29Z" duration-ms="3">
    </test> <!-- PostScenariosForSmokeTest -->
    <test started-at="2022-12-01T17:21:29Z" name="GetScenariosForSmokeTest" finished-at="2022-12-01T17:21:29Z" duration-ms="0">
    </test> <!-- GetScenariosForSmokeTest -->
    <test started-at="2022-12-01T17:21:29Z" name="SendMailToFaxTests" finished-at="2022-12-01T17:21:42Z" duration-ms="13021">
      <class name="testng.SendMailToFaxTests">
        <test-method is-config="true" signature="beforeMethod(java.lang.reflect.Method)[pri:0, instance:testng.SendMailToFaxTests@49c43f4e]" started-at="2022-12-01T12:21:29Z" name="beforeMethod" finished-at="2022-12-01T12:21:29Z" duration-ms="11" status="PASS">
          <params>
            <param index="0">
              <value>
                <![CDATA[void testng.SendMailToFaxTests.sendMailToFax() throws java.lang.Exception]]>
              </value>
            </param>
          </params>
          <reporter-output>
          </reporter-output>
        </test-method> <!-- beforeMethod -->
        <test-method signature="sendMailToFax()[pri:0, instance:testng.SendMailToFaxTests@49c43f4e]" started-at="2022-12-01T12:21:29Z" name="sendMailToFax" finished-at="2022-12-01T12:21:42Z" duration-ms="12987" status="FAIL">
          <exception class="java.lang.AssertionError">
            <message>
              <![CDATA[No record present in the Database for the fax email sent]]>
            </message>
            <full-stacktrace>
              <![CDATA[java.lang.AssertionError: No record present in the Database for the fax email sent
	at org.junit.Assert.fail(Assert.java:88)
	at testng.SendMailToFaxTests.sendMailToFax(SendMailToFaxTests.java:73)
	at java.base/jdk.internal.reflect.NativeMethodAccessorImpl.invoke0(Native Method)
	at java.base/jdk.internal.reflect.NativeMethodAccessorImpl.invoke(NativeMethodAccessorImpl.java:77)
	at java.base/jdk.internal.reflect.DelegatingMethodAccessorImpl.invoke(DelegatingMethodAccessorImpl.java:43)
	at java.base/java.lang.reflect.Method.invoke(Method.java:568)
	at org.testng.internal.MethodInvocationHelper.invokeMethod(MethodInvocationHelper.java:104)
	at org.testng.internal.Invoker.invokeMethod(Invoker.java:645)
	at org.testng.internal.Invoker.invokeTestMethod(Invoker.java:851)
	at org.testng.internal.Invoker.invokeTestMethods(Invoker.java:1177)
	at org.testng.internal.TestMethodWorker.invokeTestMethods(TestMethodWorker.java:129)
	at org.testng.internal.TestMethodWorker.run(TestMethodWorker.java:112)
	at org.testng.TestRunner.privateRun(TestRunner.java:756)
	at org.testng.TestRunner.run(TestRunner.java:610)
	at org.testng.SuiteRunner.runTest(SuiteRunner.java:387)
	at org.testng.SuiteRunner.access$000(SuiteRunner.java:39)
	at org.testng.SuiteRunner$SuiteWorker.run(SuiteRunner.java:421)
	at org.testng.internal.thread.ThreadUtil$2.call(ThreadUtil.java:64)
	at java.base/java.util.concurrent.FutureTask.run$$$capture(FutureTask.java:264)
	at java.base/java.util.concurrent.FutureTask.run(FutureTask.java)
	at java.base/java.util.concurrent.ThreadPoolExecutor.runWorker(ThreadPoolExecutor.java:1136)
	at java.base/java.util.concurrent.ThreadPoolExecutor$Worker.run(ThreadPoolExecutor.java:635)
	at java.base/java.lang.Thread.run(Thread.java:833)
]]>
            </full-stacktrace>
          </exception> <!-- java.lang.AssertionError -->
          <reporter-output>
          </reporter-output>
        </test-method> <!-- sendMailToFax -->
      </class> <!-- testng.SendMailToFaxTests -->
    </test> <!-- SendMailToFaxTests -->
    <test started-at="2022-12-01T17:21:42Z" name="SoapInboundFaxPagesCoverPage" finished-at="2022-12-01T17:21:42Z" duration-ms="0">
    </test> <!-- SoapInboundFaxPagesCoverPage -->
    <test started-at="2022-12-01T17:21:42Z" name="TestEnd2End_Out_Inb" finished-at="2022-12-01T17:21:42Z" duration-ms="0">
    </test> <!-- TestEnd2End_Out_Inb -->
    <test started-at="2022-12-01T17:21:42Z" name="Prepend1toFaxNumber" finished-at="2022-12-01T17:21:42Z" duration-ms="0">
    </test> <!-- Prepend1toFaxNumber -->
    <test started-at="2022-12-01T17:21:42Z" name="ResendFax" finished-at="2022-12-01T17:21:42Z" duration-ms="0">
    </test> <!-- ResendFax -->
  </suite> <!-- TestNgTests -->
</testng-results>
