<?xml version="1.0" encoding="UTF-8"?>
<testng-results ignored="10" total="11" passed="1" failed="0" skipped="0">
  <reporter-output>
  </reporter-output>
  <suite started-at="2022-12-12T18:00:39Z" name="TestNgTests" finished-at="2022-12-12T18:01:15Z" duration-ms="36526">
    <groups>
      <group name="smoke3">
        <method signature="Prepend1toFaxNumber.add_1_to_the_beginning_Of_number()[pri:0, instance:testng.Prepend1toFaxNumber@3d8314f0]" name="add_1_to_the_beginning_Of_number" class="testng.Prepend1toFaxNumber"/>
      </group> <!-- smoke3 -->
    </groups>
    <test started-at="2022-12-12T18:00:39Z" name="PostScenariosForSmokeTest" finished-at="2022-12-12T18:00:39Z" duration-ms="30">
    </test> <!-- PostScenariosForSmokeTest -->
    <test started-at="2022-12-12T18:00:39Z" name="GetScenariosForSmokeTest" finished-at="2022-12-12T18:00:39Z" duration-ms="0">
    </test> <!-- GetScenariosForSmokeTest -->
    <test started-at="2022-12-12T18:00:39Z" name="SendMailToFaxTests" finished-at="2022-12-12T18:00:39Z" duration-ms="0">
    </test> <!-- SendMailToFaxTests -->
    <test started-at="2022-12-12T18:00:39Z" name="SoapInboundFaxPagesCoverPage" finished-at="2022-12-12T18:00:39Z" duration-ms="1">
    </test> <!-- SoapInboundFaxPagesCoverPage -->
    <test started-at="2022-12-12T18:00:39Z" name="TestEnd2End_Out_Inb" finished-at="2022-12-12T18:00:39Z" duration-ms="0">
    </test> <!-- TestEnd2End_Out_Inb -->
    <test started-at="2022-12-12T18:00:39Z" name="Prepend1toFaxNumber" finished-at="2022-12-12T18:01:15Z" duration-ms="35613">
      <class name="testng.Prepend1toFaxNumber">
        <test-method is-config="true" signature="beforeMethod(java.lang.reflect.Method)[pri:0, instance:testng.Prepend1toFaxNumber@3d8314f0]" started-at="2022-12-12T13:00:39Z" name="beforeMethod" finished-at="2022-12-12T13:00:40Z" duration-ms="10" status="PASS">
          <params>
            <param index="0">
              <value>
                <![CDATA[public void testng.Prepend1toFaxNumber.add_1_to_the_beginning_Of_number() throws java.lang.Exception]]>
              </value>
            </param>
          </params>
          <reporter-output>
          </reporter-output>
        </test-method> <!-- beforeMethod -->
        <test-method signature="add_1_to_the_beginning_Of_number()[pri:0, instance:testng.Prepend1toFaxNumber@3d8314f0]" started-at="2022-12-12T13:00:40Z" name="add_1_to_the_beginning_Of_number" finished-at="2022-12-12T13:01:15Z" duration-ms="35588" status="PASS">
          <reporter-output>
          </reporter-output>
        </test-method> <!-- add_1_to_the_beginning_Of_number -->
      </class> <!-- testng.Prepend1toFaxNumber -->
    </test> <!-- Prepend1toFaxNumber -->
    <test started-at="2022-12-12T18:01:15Z" name="ResendFax" finished-at="2022-12-12T18:01:15Z" duration-ms="0">
    </test> <!-- ResendFax -->
  </suite> <!-- TestNgTests -->
</testng-results>
